<?xml version="1.0" encoding="UTF-8"?>

<testsuite name="com.dezza.ricepaper.ui.core.UIControlTests" tests="3" failures="2" errors="0" skipped="0" time="0.0">
  <testcase classname="com.dezza.ricepaper.ui.core::UIControlTests" name="disable" time="0.000" status="failure">
    <failure message="content on incorrect frame - expected:&lt;disabled&gt; but was:&lt;off&gt;" type="com.dezza.ricepaper.ui.core::UIControlTests.disable"><![CDATA[]]></failure>
  </testcase>
  <testcase classname="com.dezza.ricepaper.ui.core::UIControlTests" name="content" time="0.000" status="success"/>
  <testcase classname="com.dezza.ricepaper.ui.core::UIControlTests" name="constructr" time="0.000" status="failure">
    <failure message="button not enabled after creation - expected true but was false" type="com.dezza.ricepaper.ui.core::UIControlTests.constructr"><![CDATA[]]></failure>
  </testcase>
</testsuite>
