<?xml version="1.0" encoding="UTF-8"?>

<testsuite name="com.dezza.ricepaper.ui.scrollbar.ScrollableContentBaseTests" tests="11" failures="1" errors="0" skipped="0" time="0.0">
  <testcase classname="com.dezza.ricepaper.ui.scrollbar::ScrollableContentBaseTests" name="contentWidth" time="0.000" status="success"/>
  <testcase classname="com.dezza.ricepaper.ui.scrollbar::ScrollableContentBaseTests" name="contentHeight" time="0.000" status="success"/>
  <testcase classname="com.dezza.ricepaper.ui.scrollbar::ScrollableContentBaseTests" name="defaultContentSize" time="0.000" status="success"/>
  <testcase classname="com.dezza.ricepaper.ui.scrollbar::ScrollableContentBaseTests" name="invalidConstructr" time="0.000" status="success"/>
  <testcase classname="com.dezza.ricepaper.ui.scrollbar::ScrollableContentBaseTests" name="maskWidth" time="0.000" status="success"/>
  <testcase classname="com.dezza.ricepaper.ui.scrollbar::ScrollableContentBaseTests" name="maskHeight" time="0.000" status="success"/>
  <testcase classname="com.dezza.ricepaper.ui.scrollbar::ScrollableContentBaseTests" name="constructr" time="0.000" status="success"/>
  <testcase classname="com.dezza.ricepaper.ui.scrollbar::ScrollableContentBaseTests" name="getVisibleContentPercentX" time="0.000" status="success"/>
  <testcase classname="com.dezza.ricepaper.ui.scrollbar::ScrollableContentBaseTests" name="setPositionPercentX" time="0.000" status="failure">
    <failure message="incorrect value for getPositionPercent(x) - expected:&lt;0.5&gt; but was:&lt;0&gt;" type="com.dezza.ricepaper.ui.scrollbar::ScrollableContentBaseTests.setPositionPercentX"><![CDATA[]]></failure>
  </testcase>
  <testcase classname="com.dezza.ricepaper.ui.scrollbar::ScrollableContentBaseTests" name="getVisibleContentPercentY" time="0.000" status="success"/>
  <testcase classname="com.dezza.ricepaper.ui.scrollbar::ScrollableContentBaseTests" name="defaultMaskSize" time="0.000" status="success"/>
</testsuite>
