<?xml version="1.0" encoding="UTF-8"?>

<testsuite name="com.dezza.ricepaper.ui.dragger.DraggerTests" tests="8" failures="0" errors="0" skipped="0" time="0.0">
  <testcase classname="com.dezza.ricepaper.ui.dragger::DraggerTests" name="removeDraggerListener" time="0.000" status="success"/>
  <testcase classname="com.dezza.ricepaper.ui.dragger::DraggerTests" name="disable" time="0.000" status="success"/>
  <testcase classname="com.dezza.ricepaper.ui.dragger::DraggerTests" name="addDraggerListener" time="0.000" status="success"/>
  <testcase classname="com.dezza.ricepaper.ui.dragger::DraggerTests" name="dragChangeOnlyDispatchedWhenPositionChanges" time="0.000" status="success"/>
  <testcase classname="com.dezza.ricepaper.ui.dragger::DraggerTests" name="dragChangeEventDispatch" time="0.000" status="success"/>
  <testcase classname="com.dezza.ricepaper.ui.dragger::DraggerTests" name="constructr" time="0.000" status="success"/>
  <testcase classname="com.dezza.ricepaper.ui.dragger::DraggerTests" name="dragStopEventDispatch" time="0.000" status="success"/>
  <testcase classname="com.dezza.ricepaper.ui.dragger::DraggerTests" name="dragStartEventDispatch" time="0.000" status="success"/>
</testsuite>
