<?xml version="1.0" encoding="UTF-8"?>

<testsuite name="com.dezza.ricepaper.ui.core.UIControlTests" tests="3" failures="0" errors="0" skipped="0" time="0.0">
  <testcase classname="com.dezza.ricepaper.ui.core::UIControlTests" name="content" time="0.000" status="success"/>
  <testcase classname="com.dezza.ricepaper.ui.core::UIControlTests" name="disable" time="0.000" status="success"/>
  <testcase classname="com.dezza.ricepaper.ui.core::UIControlTests" name="constructr" time="0.000" status="success"/>
</testsuite>
