<?xml version="1.0" encoding="UTF-8"?>

<testsuite name="com.dezza.ricepaper.ui.button.LabelButtonTests" tests="2" failures="0" errors="0" skipped="0" time="0.0">
  <testcase classname="com.dezza.ricepaper.ui.button::LabelButtonTests" name="text" time="0.000" status="success"/>
  <testcase classname="com.dezza.ricepaper.ui.button::LabelButtonTests" name="constructr" time="0.000" status="success"/>
</testsuite>
